0 info it worked if it ends with ok
1 verbose cli [ 'C:\\Program Files\\nodejs\\node.exe',
1 verbose cli   'C:\\Program Files\\nodejs\\node_modules\\npm\\bin\\npm-cli.js',
1 verbose cli   'run',
1 verbose cli   'gulp',
1 verbose cli   'listen' ]
2 info using npm@3.10.10
3 info using node@v6.11.1
4 verbose run-script [ 'pregulp', 'gulp', 'postgulp' ]
5 info lifecycle silvasilveira@1.0.0~pregulp: silvasilveira@1.0.0
6 silly lifecycle silvasilveira@1.0.0~pregulp: no script for pregulp, continuing
7 info lifecycle silvasilveira@1.0.0~gulp: silvasilveira@1.0.0
8 verbose lifecycle silvasilveira@1.0.0~gulp: unsafe-perm in lifecycle true
9 verbose lifecycle silvasilveira@1.0.0~gulp: PATH: C:\Program Files\nodejs\node_modules\npm\bin\node-gyp-bin;C:\Users\Robot\projeto\node_modules\.bin;C:\Users\Robot\bin;C:\Program Files\Git\mingw64\bin;C:\Program Files\Git\usr\local\bin;C:\Program Files\Git\usr\bin;C:\Program Files\Git\usr\bin;C:\Program Files\Git\mingw64\bin;C:\Program Files\Git\usr\bin;C:\Users\Robot\bin;C:\Windows\system32;C:\Windows;C:\Windows\System32\Wbem;C:\Windows\System32\WindowsPowerShell\v1.0;C:\Program Files (x86)\Skype\Phone;C:\Program Files (x86)\Brackets\command;C:\Program Files\nodejs;C:\Program Files\Git\cmd;C:\Ruby24-x64\bin;C:\Users\Robot\AppData\Roaming\npm;C:\Program Files (x86)\Microsoft VS Code\bin;C:\Program Files\Git\usr\bin\vendor_perl;C:\Program Files\Git\usr\bin\core_perl
10 verbose lifecycle silvasilveira@1.0.0~gulp: CWD: C:\Users\Robot\projeto
11 silly lifecycle silvasilveira@1.0.0~gulp: Args: [ '/d /s /c', 'gulp "listen"' ]
12 silly lifecycle silvasilveira@1.0.0~gulp: Returned: code: 1  signal: null
13 info lifecycle silvasilveira@1.0.0~gulp: Failed to exec gulp script
14 verbose stack Error: silvasilveira@1.0.0 gulp: `gulp "listen"`
14 verbose stack Exit status 1
14 verbose stack     at EventEmitter.<anonymous> (C:\Program Files\nodejs\node_modules\npm\lib\utils\lifecycle.js:255:16)
14 verbose stack     at emitTwo (events.js:106:13)
14 verbose stack     at EventEmitter.emit (events.js:191:7)
14 verbose stack     at ChildProcess.<anonymous> (C:\Program Files\nodejs\node_modules\npm\lib\utils\spawn.js:40:14)
14 verbose stack     at emitTwo (events.js:106:13)
14 verbose stack     at ChildProcess.emit (events.js:191:7)
14 verbose stack     at maybeClose (internal/child_process.js:891:16)
14 verbose stack     at Process.ChildProcess._handle.onexit (internal/child_process.js:226:5)
15 verbose pkgid silvasilveira@1.0.0
16 verbose cwd C:\Users\Robot\projeto
17 error Windows_NT 6.1.7601
18 error argv "C:\\Program Files\\nodejs\\node.exe" "C:\\Program Files\\nodejs\\node_modules\\npm\\bin\\npm-cli.js" "run" "gulp" "listen"
19 error node v6.11.1
20 error npm  v3.10.10
21 error code ELIFECYCLE
22 error silvasilveira@1.0.0 gulp: `gulp "listen"`
22 error Exit status 1
23 error Failed at the silvasilveira@1.0.0 gulp script 'gulp "listen"'.
23 error Make sure you have the latest version of node.js and npm installed.
23 error If you do, this is most likely a problem with the silvasilveira package,
23 error not with npm itself.
23 error Tell the author that this fails on your system:
23 error     gulp "listen"
23 error You can get information on how to open an issue for this project with:
23 error     npm bugs silvasilveira
23 error Or if that isn't available, you can get their info via:
23 error     npm owner ls silvasilveira
23 error There is likely additional logging output above.
24 verbose exit [ 1, true ]
